<?xml version="1.0" encoding="UTF-8"?>
<!-- Generated by org.testng.reporters.JUnitReportReporter -->
<testsuite hostname="thu-alkfl" failures="0" tests="3" name="codenboxautomationlab.CodenBoxAutomation" time="٠.٢٥١" errors="0" timestamp="٢٠٢٥-٠٤-٢٦T٢٠:٣٩:٤٨ EET" skipped="0">
  <testcase classname="codenboxautomationlab.CodenBoxAutomation" name="getOnlyInstructorName" time="٠.٠٨٧"/>
  <testcase classname="codenboxautomationlab.CodenBoxAutomation" name="getOnlyCourseName" time="٠.٠٧٥"/>
  <testcase classname="codenboxautomationlab.CodenBoxAutomation" name="getOnlyPricee" time="٠.٠٨٩"/>
</testsuite> <!-- codenboxautomationlab.CodenBoxAutomation -->
