<?xml version="1.0" encoding="UTF-8"?>
<!-- Generated by org.testng.reporters.JUnitReportReporter -->
<testsuite hostname="thu-alkfl" failures="0" tests="14" name="codenboxautomationlab.CodenBoxAutomation" time="٢٤.٠٧٣" errors="0" timestamp="٢٠٢٥-٠٤-٢٧T١١:٢٤:٣١ EET" skipped="0">
  <testcase classname="codenboxautomationlab.CodenBoxAutomation" name="redioButtons" time="٠.٠٦٣"/>
  <testcase classname="codenboxautomationlab.CodenBoxAutomation" name="autoCompleteSelectCountry" time="٣.٦٠٠"/>
  <testcase classname="codenboxautomationlab.CodenBoxAutomation" name="dropDownButtonRandomSelectTest" time="٠.١٤٢"/>
  <testcase classname="codenboxautomationlab.CodenBoxAutomation" name="selectAllCheckBoxesTest" time="٠.١١٧"/>
  <testcase classname="codenboxautomationlab.CodenBoxAutomation" name="deSelectAllCheckBoxesTest" time="٠.١٠٥"/>
  <testcase classname="codenboxautomationlab.CodenBoxAutomation" name="selectRandomCheckBoxeTest" time="٠.٠٤١"/>
  <testcase classname="codenboxautomationlab.CodenBoxAutomation" name="switchWindowTest" time="٧.١٥١"/>
  <testcase classname="codenboxautomationlab.CodenBoxAutomation" name="switchTapsTest" time="٧.١٤٣"/>
  <testcase classname="codenboxautomationlab.CodenBoxAutomation" name="AlertDialogTestConfirm" time="٢.١١٠"/>
  <testcase classname="codenboxautomationlab.CodenBoxAutomation" name="AlertDialogTest" time="٣.١٢٩"/>
  <testcase classname="codenboxautomationlab.CodenBoxAutomation" name="tableTest" time="٠.٢٣٧"/>
  <testcase classname="codenboxautomationlab.CodenBoxAutomation" name="getOnlyInstructorName" time="٠.٠٨١"/>
  <testcase classname="codenboxautomationlab.CodenBoxAutomation" name="getOnlyCourseName" time="٠.٠٨٠"/>
  <testcase classname="codenboxautomationlab.CodenBoxAutomation" name="getOnlyPricee" time="٠.٠٧٤"/>
</testsuite> <!-- codenboxautomationlab.CodenBoxAutomation -->
